<?xml version="1.0" encoding="UTF-8"?>
<testng-results ignored="0" total="1" passed="1" failed="0" skipped="0">
  <reporter-output>
  </reporter-output>
  <suite started-at="2025-12-11T11:59:07 IST" name="Default suite" finished-at="2025-12-11T11:59:33 IST" duration-ms="26078">
    <groups>
    </groups>
    <test started-at="2025-12-11T11:59:07 IST" name="Default test" finished-at="2025-12-11T11:59:33 IST" duration-ms="26078">
      <class name="genai.app.Testcases.EndToEndTest">
        <test-method is-config="true" signature="setup()[pri:0, instance:genai.app.Testcases.EndToEndTest@702657cc]" started-at="2025-12-11T11:59:07 IST" name="setup" finished-at="2025-12-11T11:59:11 IST" duration-ms="3169" status="PASS">
          <reporter-output>
          </reporter-output>
        </test-method> <!-- setup -->
        <test-method signature="testCheckoutFlow()[pri:0, instance:genai.app.Testcases.EndToEndTest@702657cc]" started-at="2025-12-11T11:59:11 IST" name="testCheckoutFlow" finished-at="2025-12-11T11:59:33 IST" duration-ms="22510" status="PASS">
          <reporter-output>
          </reporter-output>
        </test-method> <!-- testCheckoutFlow -->
        <test-method is-config="true" signature="tearDown()[pri:0, instance:genai.app.Testcases.EndToEndTest@702657cc]" started-at="2025-12-11T11:59:33 IST" name="tearDown" finished-at="2025-12-11T11:59:33 IST" duration-ms="326" status="PASS">
          <reporter-output>
          </reporter-output>
        </test-method> <!-- tearDown -->
      </class> <!-- genai.app.Testcases.EndToEndTest -->
    </test> <!-- Default test -->
  </suite> <!-- Default suite -->
</testng-results>
